<?xml version="1.0" encoding="UTF-8"?>
<testsuite xmlns:xsi="http://www.w3.org/2001/XMLSchema-instance" xsi:noNamespaceSchemaLocation="https://maven.apache.org/surefire/maven-surefire-plugin/xsd/surefire-test-report-3.0.xsd" version="3.0" name="com.xyy.service.ImageServiceTest" time="1.33" tests="4" errors="0" skipped="0" failures="0">
  <properties>
[...]
</properties>
  <testcase name="deleteImage" classname="com.xyy.service.ImageServiceTest" time="0.521">
    <system-out><![CDATA[true
]]></system-out>
    <system-err><![CDATA[5月 21, 2025 11:53:52 上午 org.springframework.test.context.support.AbstractTestContextBootstrapper getDefaultTestExecutionListenerClassNames
信息: Loaded default TestExecutionListener class names from location [META-INF/spring.factories]: [org.springframework.test.context.web.ServletTestExecutionListener, org.springframework.test.context.support.DirtiesContextBeforeModesTestExecutionListener, org.springframework.test.context.event.ApplicationEventsTestExecutionListener, org.springframework.test.context.support.DependencyInjectionTestExecutionListener, org.springframework.test.context.support.DirtiesContextTestExecutionListener, org.springframework.test.context.transaction.TransactionalTestExecutionListener, org.springframework.test.context.jdbc.SqlScriptsTestExecutionListener, org.springframework.test.context.event.EventPublishingTestExecutionListener]
5月 21, 2025 11:53:52 上午 org.springframework.test.context.support.AbstractTestContextBootstrapper getTestExecutionListeners
信息: Using TestExecutionListeners: [org.springframework.test.context.web.ServletTestExecutionListener@2f7c2f4f, org.springframework.test.context.support.DirtiesContextBeforeModesTestExecutionListener@6af93788, org.springframework.test.context.event.ApplicationEventsTestExecutionListener@ef9296d, org.springframework.test.context.support.DependencyInjectionTestExecutionListener@36c88a32, org.springframework.test.context.support.DirtiesContextTestExecutionListener@7880cdf3, org.springframework.test.context.transaction.TransactionalTestExecutionListener@5be6e01c, org.springframework.test.context.jdbc.SqlScriptsTestExecutionListener@1c93084c, org.springframework.test.context.event.EventPublishingTestExecutionListener@6ef888f6]
5月 21, 2025 11:53:53 上午 com.alibaba.druid.support.logging.JakartaCommonsLoggingImpl info
信息: {dataSource-1} inited
]]></system-err>
  </testcase>
  <testcase name="addImageTest" classname="com.xyy.service.ImageServiceTest" time="0.006">
    <system-out><![CDATA[true
]]></system-out>
  </testcase>
  <testcase name="getImageTest" classname="com.xyy.service.ImageServiceTest" time="0.026">
    <system-out><![CDATA[Image{id=4, head='甜美阿紫', url='http://swg6gfdig.hn-bkt.clouddn.com/FtW1ruU1IIRuUT3k7T4U42zh63mi?e=1747669259&token=zLFxIwO5vDPmK_uYuQZTI6aLFo33HLAkUBFlOPMW:o-PpzF9WWlx504SSbFOsqjTScmI=', hid=5, createTime='2025-05-20'}
]]></system-out>
  </testcase>
  <testcase name="getImagesByIndex" classname="com.xyy.service.ImageServiceTest" time="0.006">
    <system-out><![CDATA[[http://swg6gfdig.hn-bkt.clouddn.com/FjPxZ8yu2LFQ8l4kl7SSQD_bZhNk?e=1747669155&token=zLFxIwO5vDPmK_uYuQZTI6aLFo33HLAkUBFlOPMW:42aFYtsn02RkjSd0AIrespe3hAA=, http://swg6gfdig.hn-bkt.clouddn.com/FtW1ruU1IIRuUT3k7T4U42zh63mi?e=1747669259&token=zLFxIwO5vDPmK_uYuQZTI6aLFo33HLAkUBFlOPMW:o-PpzF9WWlx504SSbFOsqjTScmI=, http://swg6gfdig.hn-bkt.clouddn.com/FvOKuyxWmrNxJFaobKNQlXRR4co9?e=1747677340&token=zLFxIwO5vDPmK_uYuQZTI6aLFo33HLAkUBFlOPMW:GLeSY1VI2M2ua0xCSWgkBnnnxao=, http://swg6gfdig.hn-bkt.clouddn.com/Fs1AD_bFXPzYv1fcRIQF_YjHB1X7, http://swg6gfdig.hn-bkt.clouddn.com/FhPJaWwdsAunJ6cfGrCSgTaUOB-_, http://swg6gfdig.hn-bkt.clouddn.com/FuUHMPdT-3L2nhDxc9fcX4YoNNQF, http://swg6gfdig.hn-bkt.clouddn.com/FtGA201Hb67FVwts72zdGTb2qsuR, http://swg6gfdig.hn-bkt.clouddn.com/FgKeoZwjhOK76u2PsUhk1iZX-xns, http://swg6gfdig.hn-bkt.clouddn.com/FlerZp9nRCFfFELRhywqf2Mr1syP]
]]></system-out>
  </testcase>
</testsuite>