<?xml version="1.0" encoding="UTF-8"?>
<testsuite xmlns:xsi="http://www.w3.org/2001/XMLSchema-instance" xsi:noNamespaceSchemaLocation="https://maven.apache.org/surefire/maven-surefire-plugin/xsd/surefire-test-report-3.0.xsd" version="3.0" name="com.xyy.service.UserServiceTest" time="0.009" tests="4" errors="2" skipped="0" failures="0">
  <properties>
    <property name="java.specification.version" value="22"/>
    <property name="sun.cpu.isalist" value="amd64"/>
    <property name="sun.jnu.encoding" value="GBK"/>
    <property name="java.class.path" value="D:\desktop\桌面\study_dir\idea-javaworkspace-now\JavaEE\Spring-test\ithema-ssm\ssm-wallpaper\target\test-classes;D:\desktop\桌面\study_dir\idea-javaworkspace-now\JavaEE\Spring-test\ithema-ssm\ssm-wallpaper\target\classes;D:\software\apache-maven-3.9.9\mvn_resp\com\qiniu\qiniu-java-sdk\7.16.0\qiniu-java-sdk-7.16.0.jar;D:\software\apache-maven-3.9.9\mvn_resp\org\projectlombok\lombok\1.18.22\lombok-1.18.22.jar;D:\software\apache-maven-3.9.9\mvn_resp\com\squareup\okhttp3\okhttp\3.14.2\okhttp-3.14.2.jar;D:\software\apache-maven-3.9.9\mvn_resp\com\squareup\okio\okio\1.17.2\okio-1.17.2.jar;D:\software\apache-maven-3.9.9\mvn_resp\com\google\code\gson\gson\2.8.5\gson-2.8.5.jar;D:\software\apache-maven-3.9.9\mvn_resp\com\qiniu\happy-dns-java\0.1.6\happy-dns-java-0.1.6.jar;D:\software\apache-maven-3.9.9\mvn_resp\org\springframework\spring-webmvc\5.3.23\spring-webmvc-5.3.23.jar;D:\software\apache-maven-3.9.9\mvn_resp\org\springframework\spring-aop\5.3.23\spring-aop-5.3.23.jar;D:\software\apache-maven-3.9.9\mvn_resp\org\springframework\spring-beans\5.3.23\spring-beans-5.3.23.jar;D:\software\apache-maven-3.9.9\mvn_resp\org\springframework\spring-context\5.3.23\spring-context-5.3.23.jar;D:\software\apache-maven-3.9.9\mvn_resp\org\springframework\spring-core\5.3.23\spring-core-5.3.23.jar;D:\software\apache-maven-3.9.9\mvn_resp\org\springframework\spring-jcl\5.3.23\spring-jcl-5.3.23.jar;D:\software\apache-maven-3.9.9\mvn_resp\org\springframework\spring-expression\5.3.23\spring-expression-5.3.23.jar;D:\software\apache-maven-3.9.9\mvn_resp\org\springframework\spring-web\5.3.23\spring-web-5.3.23.jar;D:\software\apache-maven-3.9.9\mvn_resp\javax\servlet\javax.servlet-api\3.1.0\javax.servlet-api-3.1.0.jar;D:\software\apache-maven-3.9.9\mvn_resp\com\mysql\mysql-connector-j\8.0.33\mysql-connector-j-8.0.33.jar;D:\software\apache-maven-3.9.9\mvn_resp\com\google\protobuf\protobuf-java\3.21.9\protobuf-java-3.21.9.jar;D:\software\apache-maven-3.9.9\mvn_resp\org\mybatis\mybatis\3.5.13\mybatis-3.5.13.jar;D:\software\apache-maven-3.9.9\mvn_resp\org\mybatis\mybatis-spring\2.0.7\mybatis-spring-2.0.7.jar;D:\software\apache-maven-3.9.9\mvn_resp\org\springframework\spring-jdbc\5.3.20\spring-jdbc-5.3.20.jar;D:\software\apache-maven-3.9.9\mvn_resp\org\springframework\spring-tx\5.3.20\spring-tx-5.3.20.jar;D:\software\apache-maven-3.9.9\mvn_resp\com\alibaba\druid\1.2.1\druid-1.2.1.jar;D:\software\apache-maven-3.9.9\mvn_resp\javax\annotation\javax.annotation-api\1.3.2\javax.annotation-api-1.3.2.jar;D:\software\apache-maven-3.9.9\mvn_resp\junit\junit\4.13.2\junit-4.13.2.jar;D:\software\apache-maven-3.9.9\mvn_resp\org\hamcrest\hamcrest-core\1.3\hamcrest-core-1.3.jar;D:\software\apache-maven-3.9.9\mvn_resp\org\springframework\spring-test\5.3.12\spring-test-5.3.12.jar;D:\software\apache-maven-3.9.9\mvn_resp\com\fasterxml\jackson\core\jackson-databind\2.17.2\jackson-databind-2.17.2.jar;D:\software\apache-maven-3.9.9\mvn_resp\com\fasterxml\jackson\core\jackson-annotations\2.17.2\jackson-annotations-2.17.2.jar;D:\software\apache-maven-3.9.9\mvn_resp\com\fasterxml\jackson\core\jackson-core\2.17.2\jackson-core-2.17.2.jar;D:\software\apache-maven-3.9.9\mvn_resp\commons-fileupload\commons-fileupload\1.4\commons-fileupload-1.4.jar;D:\software\apache-maven-3.9.9\mvn_resp\commons-io\commons-io\2.11.0\commons-io-2.11.0.jar;"/>
    <property name="java.vm.vendor" value="Oracle Corporation"/>
    <property name="sun.arch.data.model" value="64"/>
    <property name="user.variant" value=""/>
    <property name="java.vendor.url" value="https://java.oracle.com/"/>
    <property name="user.timezone" value="Asia/Shanghai"/>
    <property name="os.name" value="Windows 11"/>
    <property name="java.vm.specification.version" value="22"/>
    <property name="sun.java.launcher" value="SUN_STANDARD"/>
    <property name="user.country" value="CN"/>
    <property name="sun.boot.library.path" value="C:\Program Files\Java\jdk-22.0.2\bin"/>
    <property name="sun.java.command" value="C:\Users\86188\AppData\Local\Temp\surefire18050511671606564834\surefirebooter-20250521115352255_3.jar C:\Users\86188\AppData\Local\Temp\surefire18050511671606564834 2025-05-21T11-53-52_157-jvmRun1 surefire-20250521115352255_1tmp surefire_0-20250521115352255_2tmp"/>
    <property name="jdk.debug" value="release"/>
    <property name="surefire.test.class.path" value="D:\desktop\桌面\study_dir\idea-javaworkspace-now\JavaEE\Spring-test\ithema-ssm\ssm-wallpaper\target\test-classes;D:\desktop\桌面\study_dir\idea-javaworkspace-now\JavaEE\Spring-test\ithema-ssm\ssm-wallpaper\target\classes;D:\software\apache-maven-3.9.9\mvn_resp\com\qiniu\qiniu-java-sdk\7.16.0\qiniu-java-sdk-7.16.0.jar;D:\software\apache-maven-3.9.9\mvn_resp\org\projectlombok\lombok\1.18.22\lombok-1.18.22.jar;D:\software\apache-maven-3.9.9\mvn_resp\com\squareup\okhttp3\okhttp\3.14.2\okhttp-3.14.2.jar;D:\software\apache-maven-3.9.9\mvn_resp\com\squareup\okio\okio\1.17.2\okio-1.17.2.jar;D:\software\apache-maven-3.9.9\mvn_resp\com\google\code\gson\gson\2.8.5\gson-2.8.5.jar;D:\software\apache-maven-3.9.9\mvn_resp\com\qiniu\happy-dns-java\0.1.6\happy-dns-java-0.1.6.jar;D:\software\apache-maven-3.9.9\mvn_resp\org\springframework\spring-webmvc\5.3.23\spring-webmvc-5.3.23.jar;D:\software\apache-maven-3.9.9\mvn_resp\org\springframework\spring-aop\5.3.23\spring-aop-5.3.23.jar;D:\software\apache-maven-3.9.9\mvn_resp\org\springframework\spring-beans\5.3.23\spring-beans-5.3.23.jar;D:\software\apache-maven-3.9.9\mvn_resp\org\springframework\spring-context\5.3.23\spring-context-5.3.23.jar;D:\software\apache-maven-3.9.9\mvn_resp\org\springframework\spring-core\5.3.23\spring-core-5.3.23.jar;D:\software\apache-maven-3.9.9\mvn_resp\org\springframework\spring-jcl\5.3.23\spring-jcl-5.3.23.jar;D:\software\apache-maven-3.9.9\mvn_resp\org\springframework\spring-expression\5.3.23\spring-expression-5.3.23.jar;D:\software\apache-maven-3.9.9\mvn_resp\org\springframework\spring-web\5.3.23\spring-web-5.3.23.jar;D:\software\apache-maven-3.9.9\mvn_resp\javax\servlet\javax.servlet-api\3.1.0\javax.servlet-api-3.1.0.jar;D:\software\apache-maven-3.9.9\mvn_resp\com\mysql\mysql-connector-j\8.0.33\mysql-connector-j-8.0.33.jar;D:\software\apache-maven-3.9.9\mvn_resp\com\google\protobuf\protobuf-java\3.21.9\protobuf-java-3.21.9.jar;D:\software\apache-maven-3.9.9\mvn_resp\org\mybatis\mybatis\3.5.13\mybatis-3.5.13.jar;D:\software\apache-maven-3.9.9\mvn_resp\org\mybatis\mybatis-spring\2.0.7\mybatis-spring-2.0.7.jar;D:\software\apache-maven-3.9.9\mvn_resp\org\springframework\spring-jdbc\5.3.20\spring-jdbc-5.3.20.jar;D:\software\apache-maven-3.9.9\mvn_resp\org\springframework\spring-tx\5.3.20\spring-tx-5.3.20.jar;D:\software\apache-maven-3.9.9\mvn_resp\com\alibaba\druid\1.2.1\druid-1.2.1.jar;D:\software\apache-maven-3.9.9\mvn_resp\javax\annotation\javax.annotation-api\1.3.2\javax.annotation-api-1.3.2.jar;D:\software\apache-maven-3.9.9\mvn_resp\junit\junit\4.13.2\junit-4.13.2.jar;D:\software\apache-maven-3.9.9\mvn_resp\org\hamcrest\hamcrest-core\1.3\hamcrest-core-1.3.jar;D:\software\apache-maven-3.9.9\mvn_resp\org\springframework\spring-test\5.3.12\spring-test-5.3.12.jar;D:\software\apache-maven-3.9.9\mvn_resp\com\fasterxml\jackson\core\jackson-databind\2.17.2\jackson-databind-2.17.2.jar;D:\software\apache-maven-3.9.9\mvn_resp\com\fasterxml\jackson\core\jackson-annotations\2.17.2\jackson-annotations-2.17.2.jar;D:\software\apache-maven-3.9.9\mvn_resp\com\fasterxml\jackson\core\jackson-core\2.17.2\jackson-core-2.17.2.jar;D:\software\apache-maven-3.9.9\mvn_resp\commons-fileupload\commons-fileupload\1.4\commons-fileupload-1.4.jar;D:\software\apache-maven-3.9.9\mvn_resp\commons-io\commons-io\2.11.0\commons-io-2.11.0.jar;"/>
    <property name="sun.cpu.endian" value="little"/>
    <property name="user.home" value="C:\Users\86188"/>
    <property name="user.language" value="zh"/>
    <property name="java.specification.vendor" value="Oracle Corporation"/>
    <property name="java.version.date" value="2024-07-16"/>
    <property name="java.home" value="C:\Program Files\Java\jdk-22.0.2"/>
    <property name="file.separator" value="\"/>
    <property name="basedir" value="D:\desktop\桌面\study_dir\idea-javaworkspace-now\JavaEE\Spring-test\ithema-ssm\ssm-wallpaper"/>
    <property name="java.vm.compressedOopsMode" value="Zero based"/>
    <property name="line.separator" value="&#10;"/>
    <property name="java.vm.specification.vendor" value="Oracle Corporation"/>
    <property name="java.specification.name" value="Java Platform API Specification"/>
    <property name="surefire.real.class.path" value="C:\Users\86188\AppData\Local\Temp\surefire18050511671606564834\surefirebooter-20250521115352255_3.jar"/>
    <property name="user.script" value=""/>
    <property name="sun.management.compiler" value="HotSpot 64-Bit Tiered Compilers"/>
    <property name="java.runtime.version" value="22.0.2+9-70"/>
    <property name="user.name" value="86188"/>
    <property name="stdout.encoding" value="GBK"/>
    <property name="path.separator" value=";"/>
    <property name="os.version" value="10.0"/>
    <property name="java.runtime.name" value="Java(TM) SE Runtime Environment"/>
    <property name="file.encoding" value="UTF-8"/>
    <property name="java.vm.name" value="Java HotSpot(TM) 64-Bit Server VM"/>
    <property name="localRepository" value="D:\software\apache-maven-3.9.9\mvn_resp"/>
    <property name="java.vendor.url.bug" value="https://bugreport.java.com/bugreport/"/>
    <property name="java.io.tmpdir" value="C:\Users\86188\AppData\Local\Temp\"/>
    <property name="idea.version" value="2022.3.2"/>
    <property name="java.version" value="22.0.2"/>
    <property name="user.dir" value="D:\desktop\桌面\study_dir\idea-javaworkspace-now\JavaEE\Spring-test\ithema-ssm\ssm-wallpaper"/>
    <property name="os.arch" value="amd64"/>
    <property name="java.vm.specification.name" value="Java Virtual Machine Specification"/>
    <property name="sun.os.patch.level" value=""/>
    <property name="native.encoding" value="GBK"/>
    <property name="java.library.path" value="C:\Program Files\Java\jdk-22.0.2\bin;C:\WINDOWS\Sun\Java\bin;C:\WINDOWS\system32;C:\WINDOWS;D:\oracle\product\10.2.0\db_1\bin;D:\desktop\桌面\VMware\bin\;C:\Program Files\Java\jdk-17.0.3.1\bin;C:\Program Files (x86)\NVIDIA Corporation\PhysX\Common;C:\WINDOWS\system32;C:\WINDOWS;C:\WINDOWS\System32\Wbem;C:\WINDOWS\System32\WindowsPowerShell\v1.0\;C:\WINDOWS\System32\OpenSSH\;C:\Program Files (x86)\Tencent\微信web开发者工具\dll;D:\software\mingw64\bin;D:\NodeJS\;C:\Program Files\Git\cmd;C:\Program Files\MySQL\mysql-8.1.0-winx64\bin;D:\software\apache-maven-3.9.9\bin;C:\Program Files\Pandoc\;D:\desktop\Tools\WinNT;D:\desktop\MSDev98\Bin;D:\desktop\Tools;D:\VC98\bin;C:\Users\86188\AppData\Local\Microsoft\WindowsApps;D:\desktop\桌面\study_dir\学习资料 + 工具\Microsoft VS Code\bin;C:\Users\86188\.dotnet\tools;C:\Users\86188\AppData\Roaming\npm;D:\desktop\桌面\学习资料 + 工具\Microsoft VS Code\bin;."/>
    <property name="java.vm.info" value="mixed mode, sharing"/>
    <property name="stderr.encoding" value="GBK"/>
    <property name="java.vendor" value="Oracle Corporation"/>
    <property name="java.vm.version" value="22.0.2+9-70"/>
    <property name="sun.io.unicode.encoding" value="UnicodeLittle"/>
    <property name="java.class.version" value="66.0"/>
  </properties>
  <testcase name="addUserTest" classname="com.xyy.service.UserServiceTest" time="0.003">
    <system-out><![CDATA[true
]]></system-out>
    <system-err><![CDATA[5月 21, 2025 11:53:53 上午 org.springframework.test.context.support.AbstractTestContextBootstrapper getDefaultTestExecutionListenerClassNames
信息: Loaded default TestExecutionListener class names from location [META-INF/spring.factories]: [org.springframework.test.context.web.ServletTestExecutionListener, org.springframework.test.context.support.DirtiesContextBeforeModesTestExecutionListener, org.springframework.test.context.event.ApplicationEventsTestExecutionListener, org.springframework.test.context.support.DependencyInjectionTestExecutionListener, org.springframework.test.context.support.DirtiesContextTestExecutionListener, org.springframework.test.context.transaction.TransactionalTestExecutionListener, org.springframework.test.context.jdbc.SqlScriptsTestExecutionListener, org.springframework.test.context.event.EventPublishingTestExecutionListener]
5月 21, 2025 11:53:53 上午 org.springframework.test.context.support.AbstractTestContextBootstrapper getTestExecutionListeners
信息: Using TestExecutionListeners: [org.springframework.test.context.web.ServletTestExecutionListener@1f2d2181, org.springframework.test.context.support.DirtiesContextBeforeModesTestExecutionListener@49bf29c6, org.springframework.test.context.event.ApplicationEventsTestExecutionListener@7ee55e70, org.springframework.test.context.support.DependencyInjectionTestExecutionListener@3fcdcf, org.springframework.test.context.support.DirtiesContextTestExecutionListener@7668d560, org.springframework.test.context.transaction.TransactionalTestExecutionListener@46292372, org.springframework.test.context.jdbc.SqlScriptsTestExecutionListener@126be319, org.springframework.test.context.event.EventPublishingTestExecutionListener@6c44052e]
]]></system-err>
  </testcase>
  <testcase name="getByIdTest" classname="com.xyy.service.UserServiceTest" time="0.001">
    <system-out><![CDATA[User{id=4, userName='乌鸦', password='vQGYWf0Tr4'}
]]></system-out>
  </testcase>
  <testcase name="getByNameTest" classname="com.xyy.service.UserServiceTest" time="0.0">
    <error message="nested exception is org.apache.ibatis.exceptions.TooManyResultsException: Expected one result (or null) to be returned by selectOne(), but found: 4" type="org.mybatis.spring.MyBatisSystemException"><![CDATA[org.mybatis.spring.MyBatisSystemException: nested exception is org.apache.ibatis.exceptions.TooManyResultsException: Expected one result (or null) to be returned by selectOne(), but found: 4
	at org.mybatis.spring.MyBatisExceptionTranslator.translateExceptionIfPossible(MyBatisExceptionTranslator.java:96)
	at org.mybatis.spring.SqlSessionTemplate$SqlSessionInterceptor.invoke(SqlSessionTemplate.java:441)
	at jdk.proxy2/jdk.proxy2.$Proxy31.selectOne(Unknown Source)
	at org.mybatis.spring.SqlSessionTemplate.selectOne(SqlSessionTemplate.java:160)
	at org.apache.ibatis.binding.MapperMethod.execute(MapperMethod.java:87)
	at org.apache.ibatis.binding.MapperProxy$PlainMethodInvoker.invoke(MapperProxy.java:142)
	at org.apache.ibatis.binding.MapperProxy.invoke(MapperProxy.java:86)
	at jdk.proxy2/jdk.proxy2.$Proxy33.getByName(Unknown Source)
	at com.xyy.service.impl.UserServiceImpl.getByUserName(UserServiceImpl.java:25)
	at com.xyy.service.UserServiceTest.getByNameTest(UserServiceTest.java:28)
	at java.base/jdk.internal.reflect.DirectMethodHandleAccessor.invoke(DirectMethodHandleAccessor.java:103)
	at java.base/java.lang.reflect.Method.invoke(Method.java:580)
	at org.junit.runners.model.FrameworkMethod$1.runReflectiveCall(FrameworkMethod.java:59)
	at org.junit.internal.runners.model.ReflectiveCallable.run(ReflectiveCallable.java:12)
	at org.junit.runners.model.FrameworkMethod.invokeExplosively(FrameworkMethod.java:56)
	at org.junit.internal.runners.statements.InvokeMethod.evaluate(InvokeMethod.java:17)
	at org.springframework.test.context.junit4.statements.RunBeforeTestExecutionCallbacks.evaluate(RunBeforeTestExecutionCallbacks.java:74)
	at org.springframework.test.context.junit4.statements.RunAfterTestExecutionCallbacks.evaluate(RunAfterTestExecutionCallbacks.java:84)
	at org.springframework.test.context.junit4.statements.RunBeforeTestMethodCallbacks.evaluate(RunBeforeTestMethodCallbacks.java:75)
	at org.springframework.test.context.junit4.statements.RunAfterTestMethodCallbacks.evaluate(RunAfterTestMethodCallbacks.java:86)
	at org.springframework.test.context.junit4.statements.SpringRepeat.evaluate(SpringRepeat.java:84)
	at org.junit.runners.ParentRunner.runLeaf(ParentRunner.java:366)
	at org.springframework.test.context.junit4.SpringJUnit4ClassRunner.runChild(SpringJUnit4ClassRunner.java:251)
	at org.springframework.test.context.junit4.SpringJUnit4ClassRunner.runChild(SpringJUnit4ClassRunner.java:97)
	at org.junit.runners.ParentRunner$4.run(ParentRunner.java:331)
	at org.junit.runners.ParentRunner$1.schedule(ParentRunner.java:79)
	at org.junit.runners.ParentRunner.runChildren(ParentRunner.java:329)
	at org.junit.runners.ParentRunner.access$100(ParentRunner.java:66)
	at org.junit.runners.ParentRunner$2.evaluate(ParentRunner.java:293)
	at org.springframework.test.context.junit4.statements.RunBeforeTestClassCallbacks.evaluate(RunBeforeTestClassCallbacks.java:61)
	at org.springframework.test.context.junit4.statements.RunAfterTestClassCallbacks.evaluate(RunAfterTestClassCallbacks.java:70)
	at org.junit.runners.ParentRunner$3.evaluate(ParentRunner.java:306)
	at org.junit.runners.ParentRunner.run(ParentRunner.java:413)
	at org.springframework.test.context.junit4.SpringJUnit4ClassRunner.run(SpringJUnit4ClassRunner.java:190)
	at org.apache.maven.surefire.junit4.JUnit4Provider.execute(JUnit4Provider.java:316)
	at org.apache.maven.surefire.junit4.JUnit4Provider.executeWithRerun(JUnit4Provider.java:240)
	at org.apache.maven.surefire.junit4.JUnit4Provider.executeTestSet(JUnit4Provider.java:214)
	at org.apache.maven.surefire.junit4.JUnit4Provider.invoke(JUnit4Provider.java:155)
	at org.apache.maven.surefire.booter.ForkedBooter.runSuitesInProcess(ForkedBooter.java:385)
	at org.apache.maven.surefire.booter.ForkedBooter.execute(ForkedBooter.java:162)
	at org.apache.maven.surefire.booter.ForkedBooter.run(ForkedBooter.java:507)
	at org.apache.maven.surefire.booter.ForkedBooter.main(ForkedBooter.java:495)
Caused by: org.apache.ibatis.exceptions.TooManyResultsException: Expected one result (or null) to be returned by selectOne(), but found: 4
	at org.apache.ibatis.session.defaults.DefaultSqlSession.selectOne(DefaultSqlSession.java:81)
	at java.base/jdk.internal.reflect.DirectMethodHandleAccessor.invoke(DirectMethodHandleAccessor.java:103)
	at java.base/java.lang.reflect.Method.invoke(Method.java:580)
	at org.mybatis.spring.SqlSessionTemplate$SqlSessionInterceptor.invoke(SqlSessionTemplate.java:427)
	... 40 more
]]></error>
  </testcase>
  <testcase name="getByUserTest" classname="com.xyy.service.UserServiceTest" time="0.0">
    <error message="nested exception is org.apache.ibatis.exceptions.TooManyResultsException: Expected one result (or null) to be returned by selectOne(), but found: 3" type="org.mybatis.spring.MyBatisSystemException"><![CDATA[org.mybatis.spring.MyBatisSystemException: nested exception is org.apache.ibatis.exceptions.TooManyResultsException: Expected one result (or null) to be returned by selectOne(), but found: 3
	at org.mybatis.spring.MyBatisExceptionTranslator.translateExceptionIfPossible(MyBatisExceptionTranslator.java:96)
	at org.mybatis.spring.SqlSessionTemplate$SqlSessionInterceptor.invoke(SqlSessionTemplate.java:441)
	at jdk.proxy2/jdk.proxy2.$Proxy31.selectOne(Unknown Source)
	at org.mybatis.spring.SqlSessionTemplate.selectOne(SqlSessionTemplate.java:160)
	at org.apache.ibatis.binding.MapperMethod.execute(MapperMethod.java:87)
	at org.apache.ibatis.binding.MapperProxy$PlainMethodInvoker.invoke(MapperProxy.java:142)
	at org.apache.ibatis.binding.MapperProxy.invoke(MapperProxy.java:86)
	at jdk.proxy2/jdk.proxy2.$Proxy33.getByUser(Unknown Source)
	at com.xyy.service.impl.UserServiceImpl.getByUser(UserServiceImpl.java:29)
	at com.xyy.service.UserServiceTest.getByUserTest(UserServiceTest.java:33)
	at java.base/jdk.internal.reflect.DirectMethodHandleAccessor.invoke(DirectMethodHandleAccessor.java:103)
	at java.base/java.lang.reflect.Method.invoke(Method.java:580)
	at org.junit.runners.model.FrameworkMethod$1.runReflectiveCall(FrameworkMethod.java:59)
	at org.junit.internal.runners.model.ReflectiveCallable.run(ReflectiveCallable.java:12)
	at org.junit.runners.model.FrameworkMethod.invokeExplosively(FrameworkMethod.java:56)
	at org.junit.internal.runners.statements.InvokeMethod.evaluate(InvokeMethod.java:17)
	at org.springframework.test.context.junit4.statements.RunBeforeTestExecutionCallbacks.evaluate(RunBeforeTestExecutionCallbacks.java:74)
	at org.springframework.test.context.junit4.statements.RunAfterTestExecutionCallbacks.evaluate(RunAfterTestExecutionCallbacks.java:84)
	at org.springframework.test.context.junit4.statements.RunBeforeTestMethodCallbacks.evaluate(RunBeforeTestMethodCallbacks.java:75)
	at org.springframework.test.context.junit4.statements.RunAfterTestMethodCallbacks.evaluate(RunAfterTestMethodCallbacks.java:86)
	at org.springframework.test.context.junit4.statements.SpringRepeat.evaluate(SpringRepeat.java:84)
	at org.junit.runners.ParentRunner.runLeaf(ParentRunner.java:366)
	at org.springframework.test.context.junit4.SpringJUnit4ClassRunner.runChild(SpringJUnit4ClassRunner.java:251)
	at org.springframework.test.context.junit4.SpringJUnit4ClassRunner.runChild(SpringJUnit4ClassRunner.java:97)
	at org.junit.runners.ParentRunner$4.run(ParentRunner.java:331)
	at org.junit.runners.ParentRunner$1.schedule(ParentRunner.java:79)
	at org.junit.runners.ParentRunner.runChildren(ParentRunner.java:329)
	at org.junit.runners.ParentRunner.access$100(ParentRunner.java:66)
	at org.junit.runners.ParentRunner$2.evaluate(ParentRunner.java:293)
	at org.springframework.test.context.junit4.statements.RunBeforeTestClassCallbacks.evaluate(RunBeforeTestClassCallbacks.java:61)
	at org.springframework.test.context.junit4.statements.RunAfterTestClassCallbacks.evaluate(RunAfterTestClassCallbacks.java:70)
	at org.junit.runners.ParentRunner$3.evaluate(ParentRunner.java:306)
	at org.junit.runners.ParentRunner.run(ParentRunner.java:413)
	at org.springframework.test.context.junit4.SpringJUnit4ClassRunner.run(SpringJUnit4ClassRunner.java:190)
	at org.apache.maven.surefire.junit4.JUnit4Provider.execute(JUnit4Provider.java:316)
	at org.apache.maven.surefire.junit4.JUnit4Provider.executeWithRerun(JUnit4Provider.java:240)
	at org.apache.maven.surefire.junit4.JUnit4Provider.executeTestSet(JUnit4Provider.java:214)
	at org.apache.maven.surefire.junit4.JUnit4Provider.invoke(JUnit4Provider.java:155)
	at org.apache.maven.surefire.booter.ForkedBooter.runSuitesInProcess(ForkedBooter.java:385)
	at org.apache.maven.surefire.booter.ForkedBooter.execute(ForkedBooter.java:162)
	at org.apache.maven.surefire.booter.ForkedBooter.run(ForkedBooter.java:507)
	at org.apache.maven.surefire.booter.ForkedBooter.main(ForkedBooter.java:495)
Caused by: org.apache.ibatis.exceptions.TooManyResultsException: Expected one result (or null) to be returned by selectOne(), but found: 3
	at org.apache.ibatis.session.defaults.DefaultSqlSession.selectOne(DefaultSqlSession.java:81)
	at java.base/jdk.internal.reflect.DirectMethodHandleAccessor.invoke(DirectMethodHandleAccessor.java:103)
	at java.base/java.lang.reflect.Method.invoke(Method.java:580)
	at org.mybatis.spring.SqlSessionTemplate$SqlSessionInterceptor.invoke(SqlSessionTemplate.java:427)
	... 40 more
]]></error>
  </testcase>
</testsuite>